<?xml version="1.0" encoding="UTF-8"?>
<testsuite xmlns:xsi="http://www.w3.org/2001/XMLSchema-instance" xsi:noNamespaceSchemaLocation="https://maven.apache.org/surefire/maven-surefire-plugin/xsd/surefire-test-report-3.0.xsd" version="3.0" name="IngredientTest" time="0.088" tests="3" errors="0" skipped="0" failures="0">
  <properties>
    <property name="java.specification.version" value="14"/>
    <property name="sun.cpu.isalist" value="amd64"/>
    <property name="sun.jnu.encoding" value="Cp1252"/>
    <property name="java.class.path" value="C:\Users\i518152\Documents\GitHub\ase-programmentwurf\3-cookbook-domain\target\test-classes;C:\Users\i518152\Documents\GitHub\ase-programmentwurf\3-cookbook-domain\target\classes;C:\Users\i518152\.m2\repository\org\xerial\sqlite-jdbc\3.36.0.3\sqlite-jdbc-3.36.0.3.jar;C:\Users\i518152\.m2\repository\org\junit\jupiter\junit-jupiter-api\5.3.0\junit-jupiter-api-5.3.0.jar;C:\Users\i518152\.m2\repository\org\apiguardian\apiguardian-api\1.0.0\apiguardian-api-1.0.0.jar;C:\Users\i518152\.m2\repository\org\opentest4j\opentest4j\1.1.0\opentest4j-1.1.0.jar;C:\Users\i518152\.m2\repository\org\junit\platform\junit-platform-commons\1.3.0\junit-platform-commons-1.3.0.jar;"/>
    <property name="java.vm.vendor" value="Oracle Corporation"/>
    <property name="sun.arch.data.model" value="64"/>
    <property name="user.variant" value=""/>
    <property name="java.vendor.url" value="https://java.oracle.com/"/>
    <property name="user.timezone" value="Europe/Berlin"/>
    <property name="user.country.format" value="DE"/>
    <property name="os.name" value="Windows 10"/>
    <property name="java.vm.specification.version" value="14"/>
    <property name="sun.java.launcher" value="SUN_STANDARD"/>
    <property name="user.country" value="US"/>
    <property name="sun.boot.library.path" value="C:\Program Files\Java\jdk-14.0.2\bin"/>
    <property name="sun.java.command" value="C:\Users\i518152\AppData\Local\Temp\surefire8167273134543360086\surefirebooter16207464093061046276.jar C:\Users\i518152\AppData\Local\Temp\surefire8167273134543360086 2022-01-20T16-48-18_565-jvmRun1 surefire8451011996922588025tmp surefire_09406736288395129360tmp"/>
    <property name="jdk.debug" value="release"/>
    <property name="surefire.test.class.path" value="C:\Users\i518152\Documents\GitHub\ase-programmentwurf\3-cookbook-domain\target\test-classes;C:\Users\i518152\Documents\GitHub\ase-programmentwurf\3-cookbook-domain\target\classes;C:\Users\i518152\.m2\repository\org\xerial\sqlite-jdbc\3.36.0.3\sqlite-jdbc-3.36.0.3.jar;C:\Users\i518152\.m2\repository\org\junit\jupiter\junit-jupiter-api\5.3.0\junit-jupiter-api-5.3.0.jar;C:\Users\i518152\.m2\repository\org\apiguardian\apiguardian-api\1.0.0\apiguardian-api-1.0.0.jar;C:\Users\i518152\.m2\repository\org\opentest4j\opentest4j\1.1.0\opentest4j-1.1.0.jar;C:\Users\i518152\.m2\repository\org\junit\platform\junit-platform-commons\1.3.0\junit-platform-commons-1.3.0.jar;"/>
    <property name="sun.cpu.endian" value="little"/>
    <property name="user.home" value="C:\Users\i518152"/>
    <property name="user.language" value="en"/>
    <property name="java.specification.vendor" value="Oracle Corporation"/>
    <property name="java.version.date" value="2020-07-14"/>
    <property name="java.home" value="C:\Program Files\Java\jdk-14.0.2"/>
    <property name="file.separator" value="\"/>
    <property name="basedir" value="C:\Users\i518152\Documents\GitHub\ase-programmentwurf\3-cookbook-domain"/>
    <property name="java.vm.compressedOopsMode" value="Zero based"/>
    <property name="line.separator" value="&#10;"/>
    <property name="java.vm.specification.vendor" value="Oracle Corporation"/>
    <property name="java.specification.name" value="Java Platform API Specification"/>
    <property name="surefire.real.class.path" value="C:\Users\i518152\AppData\Local\Temp\surefire8167273134543360086\surefirebooter16207464093061046276.jar"/>
    <property name="user.script" value=""/>
    <property name="sun.management.compiler" value="HotSpot 64-Bit Tiered Compilers"/>
    <property name="java.runtime.version" value="14.0.2+12-46"/>
    <property name="user.name" value="I518152"/>
    <property name="path.separator" value=";"/>
    <property name="os.version" value="10.0"/>
    <property name="java.runtime.name" value="Java(TM) SE Runtime Environment"/>
    <property name="file.encoding" value="Cp1252"/>
    <property name="java.vm.name" value="Java HotSpot(TM) 64-Bit Server VM"/>
    <property name="localRepository" value="C:\Users\i518152\.m2\repository"/>
    <property name="java.vendor.url.bug" value="https://bugreport.java.com/bugreport/"/>
    <property name="java.io.tmpdir" value="C:\Users\i518152\AppData\Local\Temp\"/>
    <property name="idea.version" value="2020.2.4"/>
    <property name="java.version" value="14.0.2"/>
    <property name="user.dir" value="C:\Users\i518152\Documents\GitHub\ase-programmentwurf\3-cookbook-domain"/>
    <property name="os.arch" value="amd64"/>
    <property name="java.vm.specification.name" value="Java Virtual Machine Specification"/>
    <property name="user.language.format" value="de"/>
    <property name="sun.os.patch.level" value=""/>
    <property name="java.library.path" value="C:\Program Files\Java\jdk-14.0.2\bin;C:\WINDOWS\Sun\Java\bin;C:\WINDOWS\system32;C:\WINDOWS;C:\Program Files\Common Files\Oracle\Java\javapath;C:\Program Files\SapMachine\JDK\11\bin;C:\Program Files (x86)\Common Files\Oracle\Java\javapath;C:\WINDOWS\system32;C:\WINDOWS;C:\WINDOWS\System32\Wbem;C:\WINDOWS\System32\WindowsPowerShell\v1.0\;C:\WINDOWS\System32\OpenSSH\;C:\Program Files\apache-maven-3.6.3\bin;C:\Program Files\SapMachine\JDK\11\\bin;%M2_HOME%\bin;% MVN_HOME %\bin;C:\Program Files\Cloud Foundry;C:\ProgramData\chocolatey\bin;C:\Program Files (x86)\Intel\Intel(R) Management Engine Components\DAL;C:\Program Files\Intel\Intel(R) Management Engine Components\DAL;C:\Program Files\nodejs\;C:\Program Files\Docker\Docker\resources\bin;C:\ProgramData\DockerDesktop\version-bin;C:\Program Files (x86)\Google\Cloud SDK\google-cloud-sdk\bin;C:\Program Files\Git\cmd;C:\Users\i518152\.cargo\bin;C:\Users\i518152\AppData\Local\Programs\Python\Python39\Scripts\;C:\Users\i518152\AppData\Local\Programs\Python\Python39\;C:\Users\i518152\AppData\Local\Programs\Python\Python37-32\Scripts\;C:\Users\i518152\AppData\Local\Programs\Python\Python37-32\;C:\Users\i518152\.windows-build-tools\python27\;C:\Users\i518152\AppData\Local\Microsoft\WindowsApps;C:\Users\i518152\AppData\Local\Programs\Microsoft VS Code\bin;C:\Users\i518152\AppData\Local\Programs\MiKTeX 2.9\miktex\bin\x64\;C:\Users\i518152\AppData\Local\GitHubDesktop\bin;C:\Users\i518152\AppData\Roaming\npm;C:\Users\i518152\AppData\Local\Microsoft\WindowsApps;C:\Program Files\MicroK8s;C:\Program Files\MicroK???????;C:\Program ??p????;C:\Program Files\Oracle\VirtualBox;C:\Users\i518152\.krew\bin;;."/>
    <property name="java.vm.info" value="mixed mode, sharing"/>
    <property name="java.vendor" value="Oracle Corporation"/>
    <property name="java.vm.version" value="14.0.2+12-46"/>
    <property name="sun.io.unicode.encoding" value="UnicodeLittle"/>
    <property name="java.class.version" value="58.0"/>
  </properties>
  <testcase name="convertMilliliterToLiter" classname="IngredientTest" time="0.045"/>
  <testcase name="convertGramToKilo" classname="IngredientTest" time="0.002"/>
  <testcase name="createIngredient" classname="IngredientTest" time="0.009"/>
</testsuite>